app/build/intermediates/manifest_merge_blame_file/debug/manifest-merger-blame-debug-report.txt
1<?xml version="1.0" encoding="utf-8"?>
2<manifest xmlns:android="http://schemas.android.com/apk/res/android"
3    package="com.pmadera.mascotas"
4    android:versionCode="1"
5    android:versionName="1.0" >
6
7    <uses-sdk
8        android:minSdkVersion="16"
8-->src\main\AndroidManifest.xml
9        android:targetSdkVersion="30" />
9-->src\main\AndroidManifest.xml
10
11    <application
11-->src\main\AndroidManifest.xml:7:5-52:19
12        android:allowBackup="true"
12-->src\main\AndroidManifest.xml:8:9-35
13        android:appComponentFactory="androidx.core.app.CoreComponentFactory"
13-->[androidx.core:core:1.3.1] AndroidManifest.xml:24:18-86
14        android:debuggable="true"
15        android:icon="@mipmap/ic_launcher"
15-->src\main\AndroidManifest.xml:9:9-43
16        android:label="@string/app_name"
16-->src\main\AndroidManifest.xml:10:9-41
17        android:roundIcon="@mipmap/ic_launcher_round"
17-->src\main\AndroidManifest.xml:11:9-54
18        android:supportsRtl="true"
18-->src\main\AndroidManifest.xml:12:9-35
19        android:testOnly="true"
20        android:theme="@style/AppTheme" >
20-->src\main\AndroidManifest.xml:13:9-40
21        <activity
21-->src\main\AndroidManifest.xml:16:9-23:20
22            android:name="com.pmadera.mascotas.AcercaActivity"
22-->src\main\AndroidManifest.xml:16:19-49
23            android:parentActivityName="com.pmadera.mascotas.MainActivity" >
23-->src\main\AndroidManifest.xml:17:13-55
24            <meta-data
24-->src\main\AndroidManifest.xml:19:13-21:49
25                android:name="android:support.PARENT_ACTIVITY"
25-->src\main\AndroidManifest.xml:20:17-63
26                android:value=".MainActivity" />
26-->src\main\AndroidManifest.xml:21:17-46
27        </activity>
28        <activity
28-->src\main\AndroidManifest.xml:26:9-33:20
29            android:name="com.pmadera.mascotas.ContactoActivity"
29-->src\main\AndroidManifest.xml:26:19-51
30            android:parentActivityName="com.pmadera.mascotas.MainActivity" >
30-->src\main\AndroidManifest.xml:27:13-55
31            <meta-data
31-->src\main\AndroidManifest.xml:19:13-21:49
32                android:name="android:support.PARENT_ACTIVITY"
32-->src\main\AndroidManifest.xml:20:17-63
33                android:value=".MainActivity" />
33-->src\main\AndroidManifest.xml:21:17-46
34        </activity>
35        <activity
35-->src\main\AndroidManifest.xml:35:9-41:20
36            android:name="com.pmadera.mascotas.FavoritosActivity"
36-->src\main\AndroidManifest.xml:36:13-46
37            android:parentActivityName="com.pmadera.mascotas.MainActivity" >
37-->src\main\AndroidManifest.xml:37:13-55
38            <meta-data
38-->src\main\AndroidManifest.xml:19:13-21:49
39                android:name="android:support.PARENT_ACTIVITY"
39-->src\main\AndroidManifest.xml:20:17-63
40                android:value=".MainActivity" />
40-->src\main\AndroidManifest.xml:21:17-46
41        </activity>
42        <activity android:name="com.pmadera.mascotas.MainActivity" >
42-->src\main\AndroidManifest.xml:45:9-51:20
42-->src\main\AndroidManifest.xml:45:19-47
43            <intent-filter>
43-->src\main\AndroidManifest.xml:46:13-50:29
44                <action android:name="android.intent.action.MAIN" />
44-->src\main\AndroidManifest.xml:47:17-69
44-->src\main\AndroidManifest.xml:47:25-66
45
46                <category android:name="android.intent.category.LAUNCHER" />
46-->src\main\AndroidManifest.xml:49:17-77
46-->src\main\AndroidManifest.xml:49:27-74
47            </intent-filter>
48        </activity>
49    </application>
50
51</manifest>